<?xml version="1.0" encoding="UTF-8"?>
<testng-results skipped="0" failed="0" total="1" passed="1">
  <reporter-output>
  </reporter-output>
  <suite name="Default suite" duration-ms="29246" started-at="2019-03-04T06:26:24Z" finished-at="2019-03-04T06:26:54Z">
    <groups>
    </groups>
    <test name="Default test" duration-ms="29246" started-at="2019-03-04T06:26:24Z" finished-at="2019-03-04T06:26:54Z">
      <class name="com.qa.testcases.WaitCase3">
        <test-method status="PASS" signature="setup()[pri:0, instance:com.qa.testcases.WaitCase3@3a82f6ef]" name="setup" is-config="true" duration-ms="8481" started-at="2019-03-03T22:26:24Z" finished-at="2019-03-03T22:26:33Z">
          <reporter-output>
          </reporter-output>
        </test-method> <!-- setup -->
        <test-method status="PASS" signature="tc_explicit_lesser_Implicit()[pri:0, instance:com.qa.testcases.WaitCase3@3a82f6ef]" name="tc_explicit_lesser_Implicit" duration-ms="20101" started-at="2019-03-03T22:26:33Z" finished-at="2019-03-03T22:26:53Z">
          <reporter-output>
          </reporter-output>
        </test-method> <!-- tc_explicit_lesser_Implicit -->
        <test-method status="PASS" signature="tearDown()[pri:0, instance:com.qa.testcases.WaitCase3@3a82f6ef]" name="tearDown" is-config="true" duration-ms="639" started-at="2019-03-03T22:26:53Z" finished-at="2019-03-03T22:26:54Z">
          <reporter-output>
          </reporter-output>
        </test-method> <!-- tearDown -->
      </class> <!-- com.qa.testcases.WaitCase3 -->
    </test> <!-- Default test -->
  </suite> <!-- Default suite -->
</testng-results>
